# JRE version: OpenJDK Runtime Environment Temurin-21.0.10+7 (21.0.10+7) (build 21.0.10+7-LTS)
# Java VM: OpenJDK 64-Bit Server VM Temurin-21.0.10+7 (21.0.10+7-LTS, mixed mode, sharing, tiered, compressed oops, compressed class ptrs, parallel gc, windows-amd64)
GC Precious Log:
 CardTable entry size: 512
 CPUs: 12 total, 12 available
 Memory: 7381M
 Large Page Support: Disabled
 NUMA Support: Disabled
 Compressed Oops: Enabled (32-bit)
 Alignments: Space 512K, Generation 512K, Heap 2M
 Heap Min Capacity: 100M
 Heap Initial Capacity: 100M
 Heap Max Capacity: 2G
 Pre-touch: Disabled
 Parallel Workers: 10
Heap:
 PSYoungGen      total 23552K, used 9921K [0x00000000d5580000, 0x00000000d6f00000, 0x0000000100000000)
  eden space 22016K, 38% used [0x00000000d5580000,0x00000000d5dd6ff0,0x00000000d6b00000)
  from space 1536K, 89% used [0x00000000d6b00000,0x00000000d6c597e0,0x00000000d6c80000)
  to   space 2048K, 0% used [0x00000000d6d00000,0x00000000d6d00000,0x00000000d6f00000)
 ParOldGen       total 68608K, used 33833K [0x0000000080000000, 0x0000000084300000, 0x00000000d5580000)
  object space 68608K, 49% used [0x0000000080000000,0x000000008210a620,0x0000000084300000)
 Metaspace       used 34399K, committed 35392K, reserved 1114112K
  class space    used 3536K, committed 3968K, reserved 1048576K
GC Heap History (20 events):
Event: 8.395 GC heap before
{Heap before GC invocations=9 (full 1):
 PSYoungGen      total 27648K, used 27273K [0x00000000d5580000, 0x00000000d7600000, 0x0000000100000000)
  eden space 24576K, 100% used [0x00000000d5580000,0x00000000d6d80000,0x00000000d6d80000)
  from space 3072K, 87% used [0x00000000d6f80000,0x00000000d72224c0,0x00000000d7280000)
  to   space 3584K, 0% used [0x00000000d7280000,0x00000000d7280000,0x00000000d7600000)
 ParOldGen       total 68608K, used 15541K [0x0000000080000000, 0x0000000084300000, 0x00000000d5580000)
  object space 68608K, 22% used [0x0000000080000000,0x0000000080f2d4c8,0x0000000084300000)
 Metaspace       used 26208K, committed 27008K, reserved 1114112K
  class space    used 2565K, committed 2944K, reserved 1048576K
}
Event: 8.398 GC heap after
{Heap after GC invocations=9 (full 1):
 PSYoungGen      total 27648K, used 3583K [0x00000000d5580000, 0x00000000d7600000, 0x0000000100000000)
  eden space 24064K, 0% used [0x00000000d5580000,0x00000000d5580000,0x00000000d6d00000)
  from space 3584K, 99% used [0x00000000d7280000,0x00000000d75ffdb8,0x00000000d7600000)
  to   space 4608K, 0% used [0x00000000d6d00000,0x00000000d6d00000,0x00000000d7180000)
 ParOldGen       total 68608K, used 16165K [0x0000000080000000, 0x0000000084300000, 0x00000000d5580000)
  object space 68608K, 23% used [0x0000000080000000,0x0000000080fc9778,0x0000000084300000)
 Metaspace       used 26208K, committed 27008K, reserved 1114112K
  class space    used 2565K, committed 2944K, reserved 1048576K
}
Event: 8.511 GC heap before
{Heap before GC invocations=10 (full 1):
 PSYoungGen      total 27648K, used 27647K [0x00000000d5580000, 0x00000000d7600000, 0x0000000100000000)
  eden space 24064K, 100% used [0x00000000d5580000,0x00000000d6d00000,0x00000000d6d00000)
  from space 3584K, 99% used [0x00000000d7280000,0x00000000d75ffdb8,0x00000000d7600000)
  to   space 4608K, 0% used [0x00000000d6d00000,0x00000000d6d00000,0x00000000d7180000)
 ParOldGen       total 68608K, used 16165K [0x0000000080000000, 0x0000000084300000, 0x00000000d5580000)
  object space 68608K, 23% used [0x0000000080000000,0x0000000080fc9778,0x0000000084300000)
 Metaspace       used 26741K, committed 27520K, reserved 1114112K
  class space    used 2645K, committed 3008K, reserved 1048576K
}
Event: 8.513 GC heap after
{Heap after GC invocations=10 (full 1):
 PSYoungGen      total 27648K, used 3930K [0x00000000d5580000, 0x00000000d7480000, 0x0000000100000000)
  eden space 23552K, 0% used [0x00000000d5580000,0x00000000d5580000,0x00000000d6c80000)
  from space 4096K, 95% used [0x00000000d6d00000,0x00000000d70d6898,0x00000000d7100000)
  to   space 3584K, 0% used [0x00000000d7100000,0x00000000d7100000,0x00000000d7480000)
 ParOldGen       total 68608K, used 16173K [0x0000000080000000, 0x0000000084300000, 0x00000000d5580000)
  object space 68608K, 23% used [0x0000000080000000,0x0000000080fcb778,0x0000000084300000)
 Metaspace       used 26741K, committed 27520K, reserved 1114112K
  class space    used 2645K, committed 3008K, reserved 1048576K
}
Event: 8.802 GC heap before
{Heap before GC invocations=11 (full 1):
 PSYoungGen      total 27648K, used 27482K [0x00000000d5580000, 0x00000000d7480000, 0x0000000100000000)
  eden space 23552K, 100% used [0x00000000d5580000,0x00000000d6c80000,0x00000000d6c80000)
  from space 4096K, 95% used [0x00000000d6d00000,0x00000000d70d6898,0x00000000d7100000)
  to   space 3584K, 0% used [0x00000000d7100000,0x00000000d7100000,0x00000000d7480000)
 ParOldGen       total 68608K, used 16173K [0x0000000080000000, 0x0000000084300000, 0x00000000d5580000)
  object space 68608K, 23% used [0x0000000080000000,0x0000000080fcb778,0x0000000084300000)
 Metaspace       used 29283K, committed 30144K, reserved 1114112K
  class space    used 2931K, committed 3328K, reserved 1048576K
}
Event: 8.805 GC heap after
{Heap after GC invocations=11 (full 1):
 PSYoungGen      total 24576K, used 1136K [0x00000000d5580000, 0x00000000d7280000, 0x0000000100000000)
  eden space 23040K, 0% used [0x00000000d5580000,0x00000000d5580000,0x00000000d6c00000)
  from space 1536K, 73% used [0x00000000d7100000,0x00000000d721c010,0x00000000d7280000)
  to   space 2560K, 0% used [0x00000000d6d80000,0x00000000d6d80000,0x00000000d7000000)
 ParOldGen       total 68608K, used 19739K [0x0000000080000000, 0x0000000084300000, 0x00000000d5580000)
  object space 68608K, 28% used [0x0000000080000000,0x0000000081346ed0,0x0000000084300000)
 Metaspace       used 29283K, committed 30144K, reserved 1114112K
  class space    used 2931K, committed 3328K, reserved 1048576K
}
Event: 9.437 GC heap before
{Heap before GC invocations=12 (full 1):
 PSYoungGen      total 24576K, used 24176K [0x00000000d5580000, 0x00000000d7280000, 0x0000000100000000)
  eden space 23040K, 100% used [0x00000000d5580000,0x00000000d6c00000,0x00000000d6c00000)
  from space 1536K, 73% used [0x00000000d7100000,0x00000000d721c010,0x00000000d7280000)
  to   space 2560K, 0% used [0x00000000d6d80000,0x00000000d6d80000,0x00000000d7000000)
 ParOldGen       total 68608K, used 19739K [0x0000000080000000, 0x0000000084300000, 0x00000000d5580000)
  object space 68608K, 28% used [0x0000000080000000,0x0000000081346ed0,0x0000000084300000)
 Metaspace       used 31644K, committed 32576K, reserved 1114112K
  class space    used 3157K, committed 3584K, reserved 1048576K
}
Event: 9.439 GC heap after
{Heap after GC invocations=12 (full 1):
 PSYoungGen      total 24576K, used 1830K [0x00000000d5580000, 0x00000000d7180000, 0x0000000100000000)
  eden space 22528K, 0% used [0x00000000d5580000,0x00000000d5580000,0x00000000d6b80000)
  from space 2048K, 89% used [0x00000000d6d80000,0x00000000d6f49a50,0x00000000d6f80000)
  to   space 2048K, 0% used [0x00000000d6f80000,0x00000000d6f80000,0x00000000d7180000)
 ParOldGen       total 68608K, used 20499K [0x0000000080000000, 0x0000000084300000, 0x00000000d5580000)
  object space 68608K, 29% used [0x0000000080000000,0x0000000081404ef0,0x0000000084300000)
 Metaspace       used 31644K, committed 32576K, reserved 1114112K
  class space    used 3157K, committed 3584K, reserved 1048576K
}
Event: 9.579 GC heap before
{Heap before GC invocations=13 (full 1):
 PSYoungGen      total 24576K, used 24358K [0x00000000d5580000, 0x00000000d7180000, 0x0000000100000000)
  eden space 22528K, 100% used [0x00000000d5580000,0x00000000d6b80000,0x00000000d6b80000)
  from space 2048K, 89% used [0x00000000d6d80000,0x00000000d6f49a50,0x00000000d6f80000)
  to   space 2048K, 0% used [0x00000000d6f80000,0x00000000d6f80000,0x00000000d7180000)
 ParOldGen       total 68608K, used 20499K [0x0000000080000000, 0x0000000084300000, 0x00000000d5580000)
  object space 68608K, 29% used [0x0000000080000000,0x0000000081404ef0,0x0000000084300000)
 Metaspace       used 31794K, committed 32832K, reserved 1114112K
  class space    used 3180K, committed 3648K, reserved 1048576K
}
Event: 10.582 GC heap after
{Heap after GC invocations=13 (full 1):
 PSYoungGen      total 24064K, used 2016K [0x00000000d5580000, 0x00000000d7400000, 0x0000000100000000)
  eden space 22016K, 0% used [0x00000000d5580000,0x00000000d5580000,0x00000000d6b00000)
  from space 2048K, 98% used [0x00000000d6f80000,0x00000000d7178010,0x00000000d7180000)
  to   space 4608K, 0% used [0x00000000d6b00000,0x00000000d6b00000,0x00000000d6f80000)
 ParOldGen       total 68608K, used 22515K [0x0000000080000000, 0x0000000084300000, 0x00000000d5580000)
  object space 68608K, 32% used [0x0000000080000000,0x00000000815fcf90,0x0000000084300000)
 Metaspace       used 31794K, committed 32832K, reserved 1114112K
  class space    used 3180K, committed 3648K, reserved 1048576K
}
Event: 10.870 GC heap before
{Heap before GC invocations=14 (full 1):
 PSYoungGen      total 24064K, used 24032K [0x00000000d5580000, 0x00000000d7400000, 0x0000000100000000)
  eden space 22016K, 100% used [0x00000000d5580000,0x00000000d6b00000,0x00000000d6b00000)
  from space 2048K, 98% used [0x00000000d6f80000,0x00000000d7178010,0x00000000d7180000)
  to   space 4608K, 0% used [0x00000000d6b00000,0x00000000d6b00000,0x00000000d6f80000)
 ParOldGen       total 68608K, used 22515K [0x0000000080000000, 0x0000000084300000, 0x00000000d5580000)
  object space 68608K, 32% used [0x0000000080000000,0x00000000815fcf90,0x0000000084300000)
 Metaspace       used 32225K, committed 33152K, reserved 1114112K
  class space    used 3245K, committed 3648K, reserved 1048576K
}
Event: 10.873 GC heap after
{Heap after GC invocations=14 (full 1):
 PSYoungGen      total 25088K, used 2641K [0x00000000d5580000, 0x00000000d7200000, 0x0000000100000000)
  eden space 22016K, 0% used [0x00000000d5580000,0x00000000d5580000,0x00000000d6b00000)
  from space 3072K, 85% used [0x00000000d6b00000,0x00000000d6d94420,0x00000000d6e00000)
  to   space 3584K, 0% used [0x00000000d6e80000,0x00000000d6e80000,0x00000000d7200000)
 ParOldGen       total 68608K, used 24427K [0x0000000080000000, 0x0000000084300000, 0x00000000d5580000)
  object space 68608K, 35% used [0x0000000080000000,0x00000000817dafa0,0x0000000084300000)
 Metaspace       used 32225K, committed 33152K, reserved 1114112K
  class space    used 3245K, committed 3648K, reserved 1048576K
}
Event: 11.053 GC heap before
{Heap before GC invocations=15 (full 1):
 PSYoungGen      total 25088K, used 24657K [0x00000000d5580000, 0x00000000d7200000, 0x0000000100000000)
  eden space 22016K, 100% used [0x00000000d5580000,0x00000000d6b00000,0x00000000d6b00000)
  from space 3072K, 85% used [0x00000000d6b00000,0x00000000d6d94420,0x00000000d6e00000)
  to   space 3584K, 0% used [0x00000000d6e80000,0x00000000d6e80000,0x00000000d7200000)
 ParOldGen       total 68608K, used 24427K [0x0000000080000000, 0x0000000084300000, 0x00000000d5580000)
  object space 68608K, 35% used [0x0000000080000000,0x00000000817dafa0,0x0000000084300000)
 Metaspace       used 32251K, committed 33152K, reserved 1114112K
  class space    used 3245K, committed 3648K, reserved 1048576K
}
Event: 11.055 GC heap after
{Heap after GC invocations=15 (full 1):
 PSYoungGen      total 25088K, used 2596K [0x00000000d5580000, 0x00000000d7180000, 0x0000000100000000)
  eden space 22016K, 0% used [0x00000000d5580000,0x00000000d5580000,0x00000000d6b00000)
  from space 3072K, 84% used [0x00000000d6e80000,0x00000000d7109000,0x00000000d7180000)
  to   space 3072K, 0% used [0x00000000d6b00000,0x00000000d6b00000,0x00000000d6e00000)
 ParOldGen       total 68608K, used 26858K [0x0000000080000000, 0x0000000084300000, 0x00000000d5580000)
  object space 68608K, 39% used [0x0000000080000000,0x0000000081a3a960,0x0000000084300000)
 Metaspace       used 32251K, committed 33152K, reserved 1114112K
  class space    used 3245K, committed 3648K, reserved 1048576K
}
Event: 11.203 GC heap before
{Heap before GC invocations=16 (full 1):
 PSYoungGen      total 25088K, used 24612K [0x00000000d5580000, 0x00000000d7180000, 0x0000000100000000)
  eden space 22016K, 100% used [0x00000000d5580000,0x00000000d6b00000,0x00000000d6b00000)
  from space 3072K, 84% used [0x00000000d6e80000,0x00000000d7109000,0x00000000d7180000)
  to   space 3072K, 0% used [0x00000000d6b00000,0x00000000d6b00000,0x00000000d6e00000)
 ParOldGen       total 68608K, used 26858K [0x0000000080000000, 0x0000000084300000, 0x00000000d5580000)
  object space 68608K, 39% used [0x0000000080000000,0x0000000081a3a960,0x0000000084300000)
 Metaspace       used 32269K, committed 33216K, reserved 1114112K
  class space    used 3246K, committed 3648K, reserved 1048576K
}
Event: 11.207 GC heap after
{Heap after GC invocations=16 (full 1):
 PSYoungGen      total 24576K, used 2304K [0x00000000d5580000, 0x00000000d7000000, 0x0000000100000000)
  eden space 22016K, 0% used [0x00000000d5580000,0x00000000d5580000,0x00000000d6b00000)
  from space 2560K, 90% used [0x00000000d6b00000,0x00000000d6d40000,0x00000000d6d80000)
  to   space 2560K, 0% used [0x00000000d6d80000,0x00000000d6d80000,0x00000000d7000000)
 ParOldGen       total 68608K, used 29329K [0x0000000080000000, 0x0000000084300000, 0x00000000d5580000)
  object space 68608K, 42% used [0x0000000080000000,0x0000000081ca4410,0x0000000084300000)
 Metaspace       used 32269K, committed 33216K, reserved 1114112K
  class space    used 3246K, committed 3648K, reserved 1048576K
}
Event: 11.297 GC heap before
{Heap before GC invocations=17 (full 1):
 PSYoungGen      total 24576K, used 24320K [0x00000000d5580000, 0x00000000d7000000, 0x0000000100000000)
  eden space 22016K, 100% used [0x00000000d5580000,0x00000000d6b00000,0x00000000d6b00000)
  from space 2560K, 90% used [0x00000000d6b00000,0x00000000d6d40000,0x00000000d6d80000)
  to   space 2560K, 0% used [0x00000000d6d80000,0x00000000d6d80000,0x00000000d7000000)
 ParOldGen       total 68608K, used 29329K [0x0000000080000000, 0x0000000084300000, 0x00000000d5580000)
  object space 68608K, 42% used [0x0000000080000000,0x0000000081ca4410,0x0000000084300000)
 Metaspace       used 32307K, committed 33216K, reserved 1114112K
  class space    used 3246K, committed 3648K, reserved 1048576K
}
Event: 11.300 GC heap after
{Heap after GC invocations=17 (full 1):
 PSYoungGen      total 24576K, used 2456K [0x00000000d5580000, 0x00000000d7000000, 0x0000000100000000)
  eden space 22016K, 0% used [0x00000000d5580000,0x00000000d5580000,0x00000000d6b00000)
  from space 2560K, 95% used [0x00000000d6d80000,0x00000000d6fe6210,0x00000000d7000000)
  to   space 2560K, 0% used [0x00000000d6b00000,0x00000000d6b00000,0x00000000d6d80000)
 ParOldGen       total 68608K, used 31497K [0x0000000080000000, 0x0000000084300000, 0x00000000d5580000)
  object space 68608K, 45% used [0x0000000080000000,0x0000000081ec2410,0x0000000084300000)
 Metaspace       used 32307K, committed 33216K, reserved 1114112K
  class space    used 3246K, committed 3648K, reserved 1048576K
}
Event: 12.684 GC heap before
{Heap before GC invocations=18 (full 1):
 PSYoungGen      total 24576K, used 24472K [0x00000000d5580000, 0x00000000d7000000, 0x0000000100000000)
  eden space 22016K, 100% used [0x00000000d5580000,0x00000000d6b00000,0x00000000d6b00000)
  from space 2560K, 95% used [0x00000000d6d80000,0x00000000d6fe6210,0x00000000d7000000)
  to   space 2560K, 0% used [0x00000000d6b00000,0x00000000d6b00000,0x00000000d6d80000)
 ParOldGen       total 68608K, used 31497K [0x0000000080000000, 0x0000000084300000, 0x00000000d5580000)
  object space 68608K, 45% used [0x0000000080000000,0x0000000081ec2410,0x0000000084300000)
 Metaspace       used 34207K, committed 35136K, reserved 1114112K
  class space    used 3488K, committed 3904K, reserved 1048576K
}
Event: 12.687 GC heap after
{Heap after GC invocations=18 (full 1):
 PSYoungGen      total 23552K, used 1381K [0x00000000d5580000, 0x00000000d6f00000, 0x0000000100000000)
  eden space 22016K, 0% used [0x00000000d5580000,0x00000000d5580000,0x00000000d6b00000)
  from space 1536K, 89% used [0x00000000d6b00000,0x00000000d6c597e0,0x00000000d6c80000)
  to   space 2048K, 0% used [0x00000000d6d00000,0x00000000d6d00000,0x00000000d6f00000)
 ParOldGen       total 68608K, used 33833K [0x0000000080000000, 0x0000000084300000, 0x00000000d5580000)
  object space 68608K, 49% used [0x0000000080000000,0x000000008210a620,0x0000000084300000)
 Metaspace       used 34207K, committed 35136K, reserved 1114112K
  class space    used 3488K, committed 3904K, reserved 1048576K
}

