# JRE version: OpenJDK Runtime Environment Temurin-21.0.10+7 (21.0.10+7) (build 21.0.10+7-LTS)
# Java VM: OpenJDK 64-Bit Server VM Temurin-21.0.10+7 (21.0.10+7-LTS, mixed mode, sharing, tiered, compressed oops, compressed class ptrs, parallel gc, windows-amd64)
GC Precious Log:
 CardTable entry size: 512
 CPUs: 12 total, 12 available
 Memory: 7381M
 Large Page Support: Disabled
 NUMA Support: Disabled
 Compressed Oops: Enabled (32-bit)
 Alignments: Space 512K, Generation 512K, Heap 2M
 Heap Min Capacity: 100M
 Heap Initial Capacity: 100M
 Heap Max Capacity: 2G
 Pre-touch: Disabled
 Parallel Workers: 10
Heap:
 PSYoungGen      total 6144K, used 4423K [0x00000000d5580000, 0x00000000d5c80000, 0x0000000100000000)
  eden space 5120K, 76% used [0x00000000d5580000,0x00000000d5951d70,0x00000000d5a80000)
  from space 1024K, 50% used [0x00000000d5b80000,0x00000000d5c00000,0x00000000d5c80000)
  to   space 1024K, 0% used [0x00000000d5a80000,0x00000000d5a80000,0x00000000d5b80000)
 ParOldGen       total 496640K, used 426385K [0x0000000080000000, 0x000000009e500000, 0x00000000d5580000)
  object space 496640K, 85% used [0x0000000080000000,0x000000009a0647b0,0x000000009e500000)
 Metaspace       used 78101K, committed 79616K, reserved 1179648K
  class space    used 7847K, committed 8512K, reserved 1048576K
GC Heap History (20 events):
Event: 10007.690 GC heap before
{Heap before GC invocations=709 (full 4):
 PSYoungGen      total 4096K, used 3311K [0x00000000d5580000, 0x00000000d5c00000, 0x0000000100000000)
  eden space 2048K, 81% used [0x00000000d5580000,0x00000000d5723c68,0x00000000d5780000)
  from space 2048K, 79% used [0x00000000d5a00000,0x00000000d5b98000,0x00000000d5c00000)
  to   space 2048K, 0% used [0x00000000d5800000,0x00000000d5800000,0x00000000d5a00000)
 ParOldGen       total 496640K, used 386481K [0x0000000080000000, 0x000000009e500000, 0x00000000d5580000)
  object space 496640K, 77% used [0x0000000080000000,0x000000009796c728,0x000000009e500000)
 Metaspace       used 78037K, committed 79552K, reserved 1179648K
  class space    used 7846K, committed 8512K, reserved 1048576K
}
Event: 10007.699 GC heap after
{Heap after GC invocations=709 (full 4):
 PSYoungGen      total 4608K, used 1664K [0x00000000d5580000, 0x00000000d5c00000, 0x0000000100000000)
  eden space 2560K, 0% used [0x00000000d5580000,0x00000000d5580000,0x00000000d5800000)
  from space 2048K, 81% used [0x00000000d5800000,0x00000000d59a0000,0x00000000d5a00000)
  to   space 2048K, 0% used [0x00000000d5a00000,0x00000000d5a00000,0x00000000d5c00000)
 ParOldGen       total 496640K, used 387993K [0x0000000080000000, 0x000000009e500000, 0x00000000d5580000)
  object space 496640K, 78% used [0x0000000080000000,0x0000000097ae6728,0x000000009e500000)
 Metaspace       used 78037K, committed 79552K, reserved 1179648K
  class space    used 7846K, committed 8512K, reserved 1048576K
}
Event: 10007.725 GC heap before
{Heap before GC invocations=710 (full 4):
 PSYoungGen      total 4608K, used 4224K [0x00000000d5580000, 0x00000000d5c00000, 0x0000000100000000)
  eden space 2560K, 100% used [0x00000000d5580000,0x00000000d5800000,0x00000000d5800000)
  from space 2048K, 81% used [0x00000000d5800000,0x00000000d59a0000,0x00000000d5a00000)
  to   space 2048K, 0% used [0x00000000d5a00000,0x00000000d5a00000,0x00000000d5c00000)
 ParOldGen       total 496640K, used 387993K [0x0000000080000000, 0x000000009e500000, 0x00000000d5580000)
  object space 496640K, 78% used [0x0000000080000000,0x0000000097ae6728,0x000000009e500000)
 Metaspace       used 78037K, committed 79552K, reserved 1179648K
  class space    used 7846K, committed 8512K, reserved 1048576K
}
Event: 10007.735 GC heap after
{Heap after GC invocations=710 (full 4):
 PSYoungGen      total 4608K, used 1408K [0x00000000d5580000, 0x00000000d5b80000, 0x0000000100000000)
  eden space 3072K, 0% used [0x00000000d5580000,0x00000000d5580000,0x00000000d5880000)
  from space 1536K, 91% used [0x00000000d5a00000,0x00000000d5b60020,0x00000000d5b80000)
  to   space 1536K, 0% used [0x00000000d5880000,0x00000000d5880000,0x00000000d5a00000)
 ParOldGen       total 496640K, used 389569K [0x0000000080000000, 0x000000009e500000, 0x00000000d5580000)
  object space 496640K, 78% used [0x0000000080000000,0x0000000097c70728,0x000000009e500000)
 Metaspace       used 78037K, committed 79552K, reserved 1179648K
  class space    used 7846K, committed 8512K, reserved 1048576K
}
Event: 10007.789 GC heap before
{Heap before GC invocations=711 (full 4):
 PSYoungGen      total 4608K, used 4480K [0x00000000d5580000, 0x00000000d5b80000, 0x0000000100000000)
  eden space 3072K, 100% used [0x00000000d5580000,0x00000000d5880000,0x00000000d5880000)
  from space 1536K, 91% used [0x00000000d5a00000,0x00000000d5b60020,0x00000000d5b80000)
  to   space 1536K, 0% used [0x00000000d5880000,0x00000000d5880000,0x00000000d5a00000)
 ParOldGen       total 496640K, used 389569K [0x0000000080000000, 0x000000009e500000, 0x00000000d5580000)
  object space 496640K, 78% used [0x0000000080000000,0x0000000097c70728,0x000000009e500000)
 Metaspace       used 78038K, committed 79552K, reserved 1179648K
  class space    used 7846K, committed 8512K, reserved 1048576K
}
Event: 10007.806 GC heap after
{Heap after GC invocations=711 (full 4):
 PSYoungGen      total 4608K, used 640K [0x00000000d5580000, 0x00000000d5b80000, 0x0000000100000000)
  eden space 3072K, 0% used [0x00000000d5580000,0x00000000d5580000,0x00000000d5880000)
  from space 1536K, 41% used [0x00000000d5880000,0x00000000d5920000,0x00000000d5a00000)
  to   space 1024K, 0% used [0x00000000d5a80000,0x00000000d5a80000,0x00000000d5b80000)
 ParOldGen       total 496640K, used 392625K [0x0000000080000000, 0x000000009e500000, 0x00000000d5580000)
  object space 496640K, 79% used [0x0000000080000000,0x0000000097f6c748,0x000000009e500000)
 Metaspace       used 78038K, committed 79552K, reserved 1179648K
  class space    used 7846K, committed 8512K, reserved 1048576K
}
Event: 10008.057 GC heap before
{Heap before GC invocations=712 (full 4):
 PSYoungGen      total 4608K, used 3711K [0x00000000d5580000, 0x00000000d5b80000, 0x0000000100000000)
  eden space 3072K, 99% used [0x00000000d5580000,0x00000000d587ff78,0x00000000d5880000)
  from space 1536K, 41% used [0x00000000d5880000,0x00000000d5920000,0x00000000d5a00000)
  to   space 1024K, 0% used [0x00000000d5a80000,0x00000000d5a80000,0x00000000d5b80000)
 ParOldGen       total 496640K, used 392625K [0x0000000080000000, 0x000000009e500000, 0x00000000d5580000)
  object space 496640K, 79% used [0x0000000080000000,0x0000000097f6c748,0x000000009e500000)
 Metaspace       used 78045K, committed 79552K, reserved 1179648K
  class space    used 7846K, committed 8512K, reserved 1048576K
}
Event: 10008.063 GC heap after
{Heap after GC invocations=712 (full 4):
 PSYoungGen      total 5120K, used 736K [0x00000000d5580000, 0x00000000d5b80000, 0x0000000100000000)
  eden space 4096K, 0% used [0x00000000d5580000,0x00000000d5580000,0x00000000d5980000)
  from space 1024K, 71% used [0x00000000d5a80000,0x00000000d5b38000,0x00000000d5b80000)
  to   space 1024K, 0% used [0x00000000d5980000,0x00000000d5980000,0x00000000d5a80000)
 ParOldGen       total 496640K, used 393161K [0x0000000080000000, 0x000000009e500000, 0x00000000d5580000)
  object space 496640K, 79% used [0x0000000080000000,0x0000000097ff2748,0x000000009e500000)
 Metaspace       used 78045K, committed 79552K, reserved 1179648K
  class space    used 7846K, committed 8512K, reserved 1048576K
}
Event: 10008.810 GC heap before
{Heap before GC invocations=713 (full 4):
 PSYoungGen      total 5120K, used 4831K [0x00000000d5580000, 0x00000000d5b80000, 0x0000000100000000)
  eden space 4096K, 99% used [0x00000000d5580000,0x00000000d597fff8,0x00000000d5980000)
  from space 1024K, 71% used [0x00000000d5a80000,0x00000000d5b38000,0x00000000d5b80000)
  to   space 1024K, 0% used [0x00000000d5980000,0x00000000d5980000,0x00000000d5a80000)
 ParOldGen       total 496640K, used 423881K [0x0000000080000000, 0x000000009e500000, 0x00000000d5580000)
  object space 496640K, 85% used [0x0000000080000000,0x0000000099df2778,0x000000009e500000)
 Metaspace       used 78075K, committed 79616K, reserved 1179648K
  class space    used 7846K, committed 8512K, reserved 1048576K
}
Event: 10008.815 GC heap after
{Heap after GC invocations=713 (full 4):
 PSYoungGen      total 5120K, used 666K [0x00000000d5580000, 0x00000000d5b80000, 0x0000000100000000)
  eden space 4096K, 0% used [0x00000000d5580000,0x00000000d5580000,0x00000000d5980000)
  from space 1024K, 65% used [0x00000000d5980000,0x00000000d5a26900,0x00000000d5a80000)
  to   space 1024K, 0% used [0x00000000d5a80000,0x00000000d5a80000,0x00000000d5b80000)
 ParOldGen       total 496640K, used 424524K [0x0000000080000000, 0x000000009e500000, 0x00000000d5580000)
  object space 496640K, 85% used [0x0000000080000000,0x0000000099e93290,0x000000009e500000)
 Metaspace       used 78075K, committed 79616K, reserved 1179648K
  class space    used 7846K, committed 8512K, reserved 1048576K
}
Event: 10008.826 GC heap before
{Heap before GC invocations=714 (full 4):
 PSYoungGen      total 5120K, used 4762K [0x00000000d5580000, 0x00000000d5b80000, 0x0000000100000000)
  eden space 4096K, 99% used [0x00000000d5580000,0x00000000d597fff8,0x00000000d5980000)
  from space 1024K, 65% used [0x00000000d5980000,0x00000000d5a26900,0x00000000d5a80000)
  to   space 1024K, 0% used [0x00000000d5a80000,0x00000000d5a80000,0x00000000d5b80000)
 ParOldGen       total 496640K, used 424524K [0x0000000080000000, 0x000000009e500000, 0x00000000d5580000)
  object space 496640K, 85% used [0x0000000080000000,0x0000000099e93290,0x000000009e500000)
 Metaspace       used 78075K, committed 79616K, reserved 1179648K
  class space    used 7846K, committed 8512K, reserved 1048576K
}
Event: 10008.829 GC heap after
{Heap after GC invocations=714 (full 4):
 PSYoungGen      total 4608K, used 352K [0x00000000d5580000, 0x00000000d5b00000, 0x0000000100000000)
  eden space 4096K, 0% used [0x00000000d5580000,0x00000000d5580000,0x00000000d5980000)
  from space 512K, 68% used [0x00000000d5a80000,0x00000000d5ad8000,0x00000000d5b00000)
  to   space 512K, 0% used [0x00000000d5a00000,0x00000000d5a00000,0x00000000d5a80000)
 ParOldGen       total 496640K, used 425017K [0x0000000080000000, 0x000000009e500000, 0x00000000d5580000)
  object space 496640K, 85% used [0x0000000080000000,0x0000000099f0e528,0x000000009e500000)
 Metaspace       used 78075K, committed 79616K, reserved 1179648K
  class space    used 7846K, committed 8512K, reserved 1048576K
}
Event: 10008.837 GC heap before
{Heap before GC invocations=715 (full 4):
 PSYoungGen      total 4608K, used 4448K [0x00000000d5580000, 0x00000000d5b00000, 0x0000000100000000)
  eden space 4096K, 100% used [0x00000000d5580000,0x00000000d5980000,0x00000000d5980000)
  from space 512K, 68% used [0x00000000d5a80000,0x00000000d5ad8000,0x00000000d5b00000)
  to   space 512K, 0% used [0x00000000d5a00000,0x00000000d5a00000,0x00000000d5a80000)
 ParOldGen       total 496640K, used 425017K [0x0000000080000000, 0x000000009e500000, 0x00000000d5580000)
  object space 496640K, 85% used [0x0000000080000000,0x0000000099f0e528,0x000000009e500000)
 Metaspace       used 78076K, committed 79616K, reserved 1179648K
  class space    used 7846K, committed 8512K, reserved 1048576K
}
Event: 10008.840 GC heap after
{Heap after GC invocations=715 (full 4):
 PSYoungGen      total 4608K, used 416K [0x00000000d5580000, 0x00000000d5b00000, 0x0000000100000000)
  eden space 4096K, 0% used [0x00000000d5580000,0x00000000d5580000,0x00000000d5980000)
  from space 512K, 81% used [0x00000000d5a00000,0x00000000d5a68000,0x00000000d5a80000)
  to   space 512K, 0% used [0x00000000d5a80000,0x00000000d5a80000,0x00000000d5b00000)
 ParOldGen       total 496640K, used 425265K [0x0000000080000000, 0x000000009e500000, 0x00000000d5580000)
  object space 496640K, 85% used [0x0000000080000000,0x0000000099f4c528,0x000000009e500000)
 Metaspace       used 78076K, committed 79616K, reserved 1179648K
  class space    used 7846K, committed 8512K, reserved 1048576K
}
Event: 10008.850 GC heap before
{Heap before GC invocations=716 (full 4):
 PSYoungGen      total 4608K, used 4512K [0x00000000d5580000, 0x00000000d5b00000, 0x0000000100000000)
  eden space 4096K, 100% used [0x00000000d5580000,0x00000000d5980000,0x00000000d5980000)
  from space 512K, 81% used [0x00000000d5a00000,0x00000000d5a68000,0x00000000d5a80000)
  to   space 512K, 0% used [0x00000000d5a80000,0x00000000d5a80000,0x00000000d5b00000)
 ParOldGen       total 496640K, used 425265K [0x0000000080000000, 0x000000009e500000, 0x00000000d5580000)
  object space 496640K, 85% used [0x0000000080000000,0x0000000099f4c528,0x000000009e500000)
 Metaspace       used 78076K, committed 79616K, reserved 1179648K
  class space    used 7846K, committed 8512K, reserved 1048576K
}
Event: 10008.853 GC heap after
{Heap after GC invocations=716 (full 4):
 PSYoungGen      total 4608K, used 484K [0x00000000d5580000, 0x00000000d5b80000, 0x0000000100000000)
  eden space 4096K, 0% used [0x00000000d5580000,0x00000000d5580000,0x00000000d5980000)
  from space 512K, 94% used [0x00000000d5a80000,0x00000000d5af9210,0x00000000d5b00000)
  to   space 1024K, 0% used [0x00000000d5980000,0x00000000d5980000,0x00000000d5a80000)
 ParOldGen       total 496640K, used 425617K [0x0000000080000000, 0x000000009e500000, 0x00000000d5580000)
  object space 496640K, 85% used [0x0000000080000000,0x0000000099fa4528,0x000000009e500000)
 Metaspace       used 78076K, committed 79616K, reserved 1179648K
  class space    used 7846K, committed 8512K, reserved 1048576K
}
Event: 10008.860 GC heap before
{Heap before GC invocations=717 (full 4):
 PSYoungGen      total 4608K, used 4580K [0x00000000d5580000, 0x00000000d5b80000, 0x0000000100000000)
  eden space 4096K, 100% used [0x00000000d5580000,0x00000000d5980000,0x00000000d5980000)
  from space 512K, 94% used [0x00000000d5a80000,0x00000000d5af9210,0x00000000d5b00000)
  to   space 1024K, 0% used [0x00000000d5980000,0x00000000d5980000,0x00000000d5a80000)
 ParOldGen       total 496640K, used 425617K [0x0000000080000000, 0x000000009e500000, 0x00000000d5580000)
  object space 496640K, 85% used [0x0000000080000000,0x0000000099fa4528,0x000000009e500000)
 Metaspace       used 78076K, committed 79616K, reserved 1179648K
  class space    used 7846K, committed 8512K, reserved 1048576K
}
Event: 10008.863 GC heap after
{Heap after GC invocations=717 (full 4):
 PSYoungGen      total 5120K, used 352K [0x00000000d5580000, 0x00000000d5c80000, 0x0000000100000000)
  eden space 4096K, 0% used [0x00000000d5580000,0x00000000d5580000,0x00000000d5980000)
  from space 1024K, 34% used [0x00000000d5980000,0x00000000d59d8000,0x00000000d5a80000)
  to   space 1024K, 0% used [0x00000000d5b80000,0x00000000d5b80000,0x00000000d5c80000)
 ParOldGen       total 496640K, used 426161K [0x0000000080000000, 0x000000009e500000, 0x00000000d5580000)
  object space 496640K, 85% used [0x0000000080000000,0x000000009a02c7b0,0x000000009e500000)
 Metaspace       used 78076K, committed 79616K, reserved 1179648K
  class space    used 7846K, committed 8512K, reserved 1048576K
}
Event: 10008.875 GC heap before
{Heap before GC invocations=718 (full 4):
 PSYoungGen      total 5120K, used 4448K [0x00000000d5580000, 0x00000000d5c80000, 0x0000000100000000)
  eden space 4096K, 100% used [0x00000000d5580000,0x00000000d5980000,0x00000000d5980000)
  from space 1024K, 34% used [0x00000000d5980000,0x00000000d59d8000,0x00000000d5a80000)
  to   space 1024K, 0% used [0x00000000d5b80000,0x00000000d5b80000,0x00000000d5c80000)
 ParOldGen       total 496640K, used 426161K [0x0000000080000000, 0x000000009e500000, 0x00000000d5580000)
  object space 496640K, 85% used [0x0000000080000000,0x000000009a02c7b0,0x000000009e500000)
 Metaspace       used 78076K, committed 79616K, reserved 1179648K
  class space    used 7846K, committed 8512K, reserved 1048576K
}
Event: 10008.879 GC heap after
{Heap after GC invocations=718 (full 4):
 PSYoungGen      total 6144K, used 512K [0x00000000d5580000, 0x00000000d5c80000, 0x0000000100000000)
  eden space 5120K, 0% used [0x00000000d5580000,0x00000000d5580000,0x00000000d5a80000)
  from space 1024K, 50% used [0x00000000d5b80000,0x00000000d5c00000,0x00000000d5c80000)
  to   space 1024K, 0% used [0x00000000d5a80000,0x00000000d5a80000,0x00000000d5b80000)
 ParOldGen       total 496640K, used 426385K [0x0000000080000000, 0x000000009e500000, 0x00000000d5580000)
  object space 496640K, 85% used [0x0000000080000000,0x000000009a0647b0,0x000000009e500000)
 Metaspace       used 78076K, committed 79616K, reserved 1179648K
  class space    used 7846K, committed 8512K, reserved 1048576K
}

